If MPI support is desired, load maker/3.01.2-beta-mpi instead
If MPI support is desired, load maker/3.01.2-beta-mpi instead
sel3_SRR1719014
[bam_sort_core] merging from 0 files and 4 in-memory blocks...
23879 GFF lines processed.
100000 SAM alignment record pairs processed.
138292 SAM alignment pairs processed.
sel3_SRR1719015
[bam_sort_core] merging from 0 files and 4 in-memory blocks...
23879 GFF lines processed.
100000 SAM alignment record pairs processed.
159440 SAM alignment pairs processed.
sel3_SRR1719016
[bam_sort_core] merging from 0 files and 4 in-memory blocks...
23879 GFF lines processed.
100000 SAM alignment record pairs processed.
135380 SAM alignment pairs processed.
sel3_SRR1719017
[bam_sort_core] merging from 0 files and 4 in-memory blocks...
23879 GFF lines processed.
100000 SAM alignment record pairs processed.
122063 SAM alignment pairs processed.
sel3_SRR1719018
[bam_sort_core] merging from 0 files and 4 in-memory blocks...
23879 GFF lines processed.
100000 SAM alignment record pairs processed.
158500 SAM alignment pairs processed.
sel3_SRR1719204
[bam_sort_core] merging from 0 files and 4 in-memory blocks...
23879 GFF lines processed.
100000 SAM alignment record pairs processed.
164258 SAM alignment pairs processed.
sel3_SRR1719206
[bam_sort_core] merging from 0 files and 4 in-memory blocks...
23879 GFF lines processed.
100000 SAM alignment record pairs processed.
200000 SAM alignment record pairs processed.
300000 SAM alignment record pairs processed.
303400 SAM alignment pairs processed.
sel3_SRR1719207
[bam_sort_core] merging from 0 files and 4 in-memory blocks...
23879 GFF lines processed.
100000 SAM alignment record pairs processed.
164474 SAM alignment pairs processed.
sel3_SRR1719208
[bam_sort_core] merging from 0 files and 4 in-memory blocks...
23879 GFF lines processed.
100000 SAM alignment record pairs processed.
125367 SAM alignment pairs processed.
sel3_SRR1719209
[bam_sort_core] merging from 0 files and 4 in-memory blocks...
23879 GFF lines processed.
100000 SAM alignment record pairs processed.
123368 SAM alignment pairs processed.
sel3_SRR1719211
[bam_sort_core] merging from 0 files and 4 in-memory blocks...
23879 GFF lines processed.
100000 SAM alignment record pairs processed.
182238 SAM alignment pairs processed.
sel3_SRR1719212
[bam_sort_core] merging from 0 files and 4 in-memory blocks...
23879 GFF lines processed.
100000 SAM alignment record pairs processed.
183352 SAM alignment pairs processed.
sel3_SRR1719213
[bam_sort_core] merging from 0 files and 4 in-memory blocks...
23879 GFF lines processed.
100000 SAM alignment record pairs processed.
161120 SAM alignment pairs processed.
sel3_SRR1719214
[bam_sort_core] merging from 0 files and 4 in-memory blocks...
23879 GFF lines processed.
100000 SAM alignment record pairs processed.
168005 SAM alignment pairs processed.
sel3_SRR1719241
[bam_sort_core] merging from 0 files and 4 in-memory blocks...
23879 GFF lines processed.
100000 SAM alignment record pairs processed.
109972 SAM alignment pairs processed.
sel3_SRR1719242
[bam_sort_core] merging from 0 files and 4 in-memory blocks...
23879 GFF lines processed.
100000 SAM alignment record pairs processed.
153797 SAM alignment pairs processed.
