Lmod has detected the following error: The following module(s) are unknown:
"bowtie/2.3.2"

Please check the spelling or version number. Also try "module spider ..."




bowtie2 not loaded, will load bowtie2/2.3.2

[2018-05-08 13:54:06] Beginning TopHat run (v2.1.1)
-----------------------------------------------
[2018-05-08 13:54:06] Checking for Bowtie
		  Bowtie version:	 2.3.2.0
[2018-05-08 13:54:07] Checking for Bowtie index files (genome)..
[2018-05-08 13:54:07] Checking for reference FASTA file
	Warning: Could not find FASTA file sel3_NW_015504249.fa
[2018-05-08 13:54:07] Reconstituting reference FASTA file from Bowtie index
  Executing: /sw/apps/bioinfo/bowtie2/2.3.2/rackham/bin/bowtie2-inspect sel3_NW_015504249 > ./tophat_out/tmp/sel3_NW_015504249.fa
[2018-05-08 13:54:08] Generating SAM header for sel3_NW_015504249
[2018-05-08 13:54:09] Preparing reads
	 left reads: min. length=36, max. length=100, 4757775 kept reads (377 discarded)
	right reads: min. length=36, max. length=100, 4736405 kept reads (21747 discarded)
[2018-05-08 13:57:36] Mapping left_kept_reads to genome sel3_NW_015504249 with Bowtie2 
[2018-05-08 14:13:55] Mapping left_kept_reads_seg1 to genome sel3_NW_015504249 with Bowtie2 (1/4)
[2018-05-08 14:16:18] Mapping left_kept_reads_seg2 to genome sel3_NW_015504249 with Bowtie2 (2/4)
[2018-05-08 14:19:00] Mapping left_kept_reads_seg3 to genome sel3_NW_015504249 with Bowtie2 (3/4)
[2018-05-08 14:21:50] Mapping left_kept_reads_seg4 to genome sel3_NW_015504249 with Bowtie2 (4/4)
[2018-05-08 14:24:22] Mapping right_kept_reads to genome sel3_NW_015504249 with Bowtie2 
[2018-05-08 14:36:04] Mapping right_kept_reads_seg1 to genome sel3_NW_015504249 with Bowtie2 (1/4)
[2018-05-08 14:37:52] Mapping right_kept_reads_seg2 to genome sel3_NW_015504249 with Bowtie2 (2/4)
[2018-05-08 14:39:49] Mapping right_kept_reads_seg3 to genome sel3_NW_015504249 with Bowtie2 (3/4)
[2018-05-08 14:42:04] Mapping right_kept_reads_seg4 to genome sel3_NW_015504249 with Bowtie2 (4/4)
[2018-05-08 14:44:10] Searching for junctions via segment mapping
[2018-05-08 17:17:45] Retrieving sequences for splices
[2018-05-08 17:17:46] Indexing splices
Building a SMALL index
[2018-05-08 17:17:52] Mapping left_kept_reads_seg1 to genome segment_juncs with Bowtie2 (1/4)
[2018-05-08 17:21:53] Mapping left_kept_reads_seg2 to genome segment_juncs with Bowtie2 (2/4)
[2018-05-08 17:26:33] Mapping left_kept_reads_seg3 to genome segment_juncs with Bowtie2 (3/4)
[2018-05-08 17:31:13] Mapping left_kept_reads_seg4 to genome segment_juncs with Bowtie2 (4/4)
[2018-05-08 17:35:39] Joining segment hits
[2018-05-08 17:45:23] Mapping right_kept_reads_seg1 to genome segment_juncs with Bowtie2 (1/4)
[2018-05-08 17:48:38] Mapping right_kept_reads_seg2 to genome segment_juncs with Bowtie2 (2/4)
[2018-05-08 17:52:09] Mapping right_kept_reads_seg3 to genome segment_juncs with Bowtie2 (3/4)
[2018-05-08 17:55:57] Mapping right_kept_reads_seg4 to genome segment_juncs with Bowtie2 (4/4)
[2018-05-08 17:59:16] Joining segment hits
[2018-05-08 18:05:24] Reporting output tracks
-----------------------------------------------
[2018-05-08 18:13:08] A summary of the alignment counts can be found in ./tophat_out/align_summary.txt
[2018-05-08 18:13:08] Run complete: 04:19:02 elapsed
